<!DOCTYPE html>
<html>
  <head>
    <meta charset="utf-8"/>
    <title>Test Report</title>
    <style>body {
	font-family: Helvetica, Arial, sans-serif;
	font-size: 12px;
	min-width: 1200px;
	color: #999;
}

h1 {
	font-size: 24px;
	color: black;
}

h2 {
	font-size: 16px;
	color: black;
}

p {
    color: black;
}

a {
	color: #999;
}

table {
	border-collapse: collapse;
}

/******************************
 * SUMMARY INFORMATION
 ******************************/

#environment td {
	padding: 5px;
	border: 1px solid #E6E6E6;
}

#environment tr:nth-child(odd) {
	background-color: #f6f6f6;
}

/******************************
 * TEST RESULT COLORS
 ******************************/
span.passed, .passed .col-result {
	color: green;
}
span.skipped, span.xfailed, span.rerun, .skipped .col-result, .xfailed .col-result, .rerun .col-result {
	color: orange;
}
span.error, span.failed, span.xpassed, .error .col-result, .failed .col-result, .xpassed .col-result  {
	color: red;
}


/******************************
 * RESULTS TABLE
 *
 * 1. Table Layout
 * 2. Extra
 * 3. Sorting items
 *
 ******************************/

/*------------------
 * 1. Table Layout
 *------------------*/

#results-table {
	border: 1px solid #e6e6e6;
	color: #999;
	font-size: 12px;
	width: 100%
}

#results-table th, #results-table td {
	padding: 5px;
	border: 1px solid #E6E6E6;
	text-align: left
}
#results-table th {
	font-weight: bold
}

/*------------------
 * 2. Extra
 *------------------*/

.log:only-child {
	height: inherit
}
.log {
	background-color: #e6e6e6;
	border: 1px solid #e6e6e6;
	color: black;
	display: block;
	font-family: "Courier New", Courier, monospace;
	height: 230px;
	overflow-y: scroll;
	padding: 5px;
	white-space: pre-wrap
}
div.image {
	border: 1px solid #e6e6e6;
	float: right;
	height: 240px;
	margin-left: 5px;
	overflow: hidden;
	width: 320px
}
div.image img {
	width: 320px
}
.collapsed {
	display: none;
}
.expander::after {
	content: " (show details)";
	color: #BBB;
	font-style: italic;
	cursor: pointer;
}
.collapser::after {
	content: " (hide details)";
	color: #BBB;
	font-style: italic;
	cursor: pointer;
}

/*------------------
 * 3. Sorting items
 *------------------*/
.sortable {
	cursor: pointer;
}

.sort-icon {
	font-size: 0px;
	float: left;
	margin-right: 5px;
	margin-top: 5px;
	/*triangle*/
	width: 0;
	height: 0;
	border-left: 8px solid transparent;
	border-right: 8px solid transparent;
}

.inactive .sort-icon {
	/*finish triangle*/
	border-top: 8px solid #E6E6E6;
}

.asc.active .sort-icon {
	/*finish triangle*/
	border-bottom: 8px solid #999;
}

.desc.active .sort-icon {
	/*finish triangle*/
	border-top: 8px solid #999;
}
</style></head>
  <body onLoad="init()">
    <script>/* This Source Code Form is subject to the terms of the Mozilla Public
 * License, v. 2.0. If a copy of the MPL was not distributed with this file,
 * You can obtain one at http://mozilla.org/MPL/2.0/. */


function toArray(iter) {
    if (iter === null) {
        return null;
    }
    return Array.prototype.slice.call(iter);
}

function find(selector, elem) {
    if (!elem) {
        elem = document;
    }
    return elem.querySelector(selector);
}

function find_all(selector, elem) {
    if (!elem) {
        elem = document;
    }
    return toArray(elem.querySelectorAll(selector));
}

function sort_column(elem) {
    toggle_sort_states(elem);
    var colIndex = toArray(elem.parentNode.childNodes).indexOf(elem);
    var key;
    if (elem.classList.contains('numeric')) {
        key = key_num;
    } else if (elem.classList.contains('result')) {
        key = key_result;
    } else {
        key = key_alpha;
    }
    sort_table(elem, key(colIndex));
}

function show_all_extras() {
    find_all('.col-result').forEach(show_extras);
}

function hide_all_extras() {
    find_all('.col-result').forEach(hide_extras);
}

function show_extras(colresult_elem) {
    var extras = colresult_elem.parentNode.nextElementSibling;
    var expandcollapse = colresult_elem.firstElementChild;
    extras.classList.remove("collapsed");
    expandcollapse.classList.remove("expander");
    expandcollapse.classList.add("collapser");
}

function hide_extras(colresult_elem) {
    var extras = colresult_elem.parentNode.nextElementSibling;
    var expandcollapse = colresult_elem.firstElementChild;
    extras.classList.add("collapsed");
    expandcollapse.classList.remove("collapser");
    expandcollapse.classList.add("expander");
}

function show_filters() {
    var filter_items = document.getElementsByClassName('filter');
    for (var i = 0; i < filter_items.length; i++)
        filter_items[i].hidden = false;
}

function add_collapse() {
    // Add links for show/hide all
    var resulttable = find('table#results-table');
    var showhideall = document.createElement("p");
    showhideall.innerHTML = '<a href="javascript:show_all_extras()">Show all details</a> / ' +
                            '<a href="javascript:hide_all_extras()">Hide all details</a>';
    resulttable.parentElement.insertBefore(showhideall, resulttable);

    // Add show/hide link to each result
    find_all('.col-result').forEach(function(elem) {
        var collapsed = get_query_parameter('collapsed') || 'Passed';
        var extras = elem.parentNode.nextElementSibling;
        var expandcollapse = document.createElement("span");
        if (collapsed.includes(elem.innerHTML)) {
            extras.classList.add("collapsed");
            expandcollapse.classList.add("expander");
        } else {
            expandcollapse.classList.add("collapser");
        }
        elem.appendChild(expandcollapse);

        elem.addEventListener("click", function(event) {
            if (event.currentTarget.parentNode.nextElementSibling.classList.contains("collapsed")) {
                show_extras(event.currentTarget);
            } else {
                hide_extras(event.currentTarget);
            }
        });
    })
}

function get_query_parameter(name) {
    var match = RegExp('[?&]' + name + '=([^&]*)').exec(window.location.search);
    return match && decodeURIComponent(match[1].replace(/\+/g, ' '));
}

function init () {
    reset_sort_headers();

    add_collapse();

    show_filters();

    toggle_sort_states(find('.initial-sort'));

    find_all('.sortable').forEach(function(elem) {
        elem.addEventListener("click",
                              function(event) {
                                  sort_column(elem);
                              }, false)
    });

};

function sort_table(clicked, key_func) {
    var rows = find_all('.results-table-row');
    var reversed = !clicked.classList.contains('asc');
    var sorted_rows = sort(rows, key_func, reversed);
    /* Whole table is removed here because browsers acts much slower
     * when appending existing elements.
     */
    var thead = document.getElementById("results-table-head");
    document.getElementById('results-table').remove();
    var parent = document.createElement("table");
    parent.id = "results-table";
    parent.appendChild(thead);
    sorted_rows.forEach(function(elem) {
        parent.appendChild(elem);
    });
    document.getElementsByTagName("BODY")[0].appendChild(parent);
}

function sort(items, key_func, reversed) {
    var sort_array = items.map(function(item, i) {
        return [key_func(item), i];
    });
    var multiplier = reversed ? -1 : 1;

    sort_array.sort(function(a, b) {
        var key_a = a[0];
        var key_b = b[0];
        return multiplier * (key_a >= key_b ? 1 : -1);
    });

    return sort_array.map(function(item) {
        var index = item[1];
        return items[index];
    });
}

function key_alpha(col_index) {
    return function(elem) {
        return elem.childNodes[1].childNodes[col_index].firstChild.data.toLowerCase();
    };
}

function key_num(col_index) {
    return function(elem) {
        return parseFloat(elem.childNodes[1].childNodes[col_index].firstChild.data);
    };
}

function key_result(col_index) {
    return function(elem) {
        var strings = ['Error', 'Failed', 'Rerun', 'XFailed', 'XPassed',
                       'Skipped', 'Passed'];
        return strings.indexOf(elem.childNodes[1].childNodes[col_index].firstChild.data);
    };
}

function reset_sort_headers() {
    find_all('.sort-icon').forEach(function(elem) {
        elem.parentNode.removeChild(elem);
    });
    find_all('.sortable').forEach(function(elem) {
        var icon = document.createElement("div");
        icon.className = "sort-icon";
        icon.textContent = "vvv";
        elem.insertBefore(icon, elem.firstChild);
        elem.classList.remove("desc", "active");
        elem.classList.add("asc", "inactive");
    });
}

function toggle_sort_states(elem) {
    //if active, toggle between asc and desc
    if (elem.classList.contains('active')) {
        elem.classList.toggle('asc');
        elem.classList.toggle('desc');
    }

    //if inactive, reset all other functions and add ascending active
    if (elem.classList.contains('inactive')) {
        reset_sort_headers();
        elem.classList.remove('inactive');
        elem.classList.add('active');
    }
}

function is_all_rows_hidden(value) {
  return value.hidden == false;
}

function filter_table(elem) {
    var outcome_att = "data-test-result";
    var outcome = elem.getAttribute(outcome_att);
    class_outcome = outcome + " results-table-row";
    var outcome_rows = document.getElementsByClassName(class_outcome);

    for(var i = 0; i < outcome_rows.length; i++){
        outcome_rows[i].hidden = !elem.checked;
    }

    var rows = find_all('.results-table-row').filter(is_all_rows_hidden);
    var all_rows_hidden = rows.length == 0 ? true : false;
    var not_found_message = document.getElementById("not-found-message");
    not_found_message.hidden = !all_rows_hidden;
}
</script>
    <h1>report.html</h1>
    <p>Report generated on 02-Sep-2019 at 16:13:07 by <a href="https://pypi.python.org/pypi/pytest-html">pytest-html</a> v1.22.0</p>
    <h2>Environment</h2>
    <table id="environment">
      <tr>
        <td>Packages</td>
        <td>{&apos;pytest&apos;: &apos;5.1.1&apos;, &apos;py&apos;: &apos;1.5.2&apos;, &apos;pluggy&apos;: &apos;0.12.0&apos;}</td></tr>
      <tr>
        <td>Platform</td>
        <td>Darwin-18.6.0-x86_64-i386-64bit</td></tr>
      <tr>
        <td>Plugins</td>
        <td>{&apos;metadata&apos;: &apos;1.6.0&apos;, &apos;parallel&apos;: &apos;0.0.9&apos;, &apos;rerunfailures&apos;: &apos;6.0&apos;, &apos;variables&apos;: &apos;1.7.1&apos;, &apos;html&apos;: &apos;1.22.0&apos;, &apos;logger&apos;: &apos;0.3.0&apos;, &apos;allure-pytest&apos;: &apos;2.7.1&apos;}</td></tr>
      <tr>
        <td>Python</td>
        <td>3.6.4</td></tr></table>
    <h2>Summary</h2>
    <p>6 tests ran in 201.80 seconds. </p>
    <p class="filter" hidden="true">(Un)check the boxes to filter the results.</p><input checked="true" class="filter" data-test-result="passed" hidden="true" name="filter_checkbox" onChange="filter_table(this)" type="checkbox"/><span class="passed">4 passed</span>, <input checked="true" class="filter" data-test-result="skipped" disabled="true" hidden="true" name="filter_checkbox" onChange="filter_table(this)" type="checkbox"/><span class="skipped">0 skipped</span>, <input checked="true" class="filter" data-test-result="failed" hidden="true" name="filter_checkbox" onChange="filter_table(this)" type="checkbox"/><span class="failed">2 failed</span>, <input checked="true" class="filter" data-test-result="error" disabled="true" hidden="true" name="filter_checkbox" onChange="filter_table(this)" type="checkbox"/><span class="error">0 errors</span>, <input checked="true" class="filter" data-test-result="xfailed" disabled="true" hidden="true" name="filter_checkbox" onChange="filter_table(this)" type="checkbox"/><span class="xfailed">0 expected failures</span>, <input checked="true" class="filter" data-test-result="xpassed" disabled="true" hidden="true" name="filter_checkbox" onChange="filter_table(this)" type="checkbox"/><span class="xpassed">0 unexpected passes</span>, <input checked="true" class="filter" data-test-result="rerun" disabled="true" hidden="true" name="filter_checkbox" onChange="filter_table(this)" type="checkbox"/><span class="rerun">0 rerun</span>
    <h2>Results</h2>
    <table id="results-table">
      <thead id="results-table-head">
        <tr>
          <th class="sortable result initial-sort" col="result">Result</th>
          <th class="sortable" col="name">Test</th>
          <th class="sortable numeric" col="duration">Duration</th>
          <th>Description</th></tr>
        <tr hidden="true" id="not-found-message">
          <th colspan="4">No results found. Try to check the filters</th></tr></thead>
      <tbody class="failed results-table-row">
        <tr>
          <td class="col-result">Failed</td>
          <td class="col-name">test_dir/test_001_login/test_001_login.py::TestLogin::test_check_short_password</td>
          <td class="col-duration">36.01</td>
          <td>
            <html>
              <head>
                <meta name="Content-Type" value="text/html; charset=latin1"/></head>
              <body>
                <p>        Áî®‰æãÂêçÁß∞ÔºöËæìÂÖ•ÂØÜÁ†Å123456ÔºåÊèêÁ§∫ÂØÜÁ†ÅÂøÖÈ°ªÂú®8-20‰ΩçÂåÖÂê´Â≠óÊØçÂíåÊï∞Â≠ó</p>
                <p>        </p></body></html></td></tr>
        <tr>
          <td class="extra" colspan="4">
            <div class="log">self = &lt;android_autotest.test_dir.test_001_login.test_001_login.TestLogin object at 0x11d6abe48&gt;<br/><br/>    def test_check_short_password(self):<br/>        &quot;&quot;&quot;<br/>        Áî®‰æãÂêçÁß∞ÔºöËæìÂÖ•ÂØÜÁ†Å123456ÔºåÊèêÁ§∫ÂØÜÁ†ÅÂøÖÈ°ªÂú®8-20‰ΩçÂåÖÂê´Â≠óÊØçÂíåÊï∞Â≠ó<br/>        &quot;&quot;&quot;<br/>        self.page_menu.switch_to_account()<br/>        self.page_account.log_out()<br/>        mail_mix = self.page_account.create_mix_string()<br/>        user = &quot;{email}@apptest.com&quot;.format(email=mail_mix)<br/>        self.page_account.signup_password_check(email=user, password=AccountTest.password)<br/>&gt;       assert self.page_account.snack_text.wait(self.page_account.wait).exists()<br/><span class="error">E       assert False</span><br/><span class="error">E        +  where False = &lt;bound method UIObjectProxy.exists of UIObjectProxy of &quot;com.klook:id/snackbar_text&quot;&gt;()</span><br/><span class="error">E        +    where &lt;bound method UIObjectProxy.exists of UIObjectProxy of &quot;com.klook:id/snackbar_text&quot;&gt; = UIObjectProxy of &quot;com.klook:id/snackbar_text&quot;.exists</span><br/><span class="error">E        +      where UIObjectProxy of &quot;com.klook:id/snackbar_text&quot; = &lt;bound method UIObjectProxy.wait of UIObjectProxy of &quot;com.klook:id/snackbar_text&quot;&gt;(10)</span><br/><span class="error">E        +        where &lt;bound method UIObjectProxy.wait of UIObjectProxy of &quot;com.klook:id/snackbar_text&quot;&gt; = UIObjectProxy of &quot;com.klook:id/snackbar_text&quot;.wait</span><br/><span class="error">E        +          where UIObjectProxy of &quot;com.klook:id/snackbar_text&quot; = &lt;common.account.Account object at 0x11d6e1d30&gt;.snack_text</span><br/><span class="error">E        +            where &lt;common.account.Account object at 0x11d6e1d30&gt; = &lt;android_autotest.test_dir.test_001_login.test_001_login.TestLogin object at 0x11d6abe48&gt;.page_account</span><br/><span class="error">E        +        and   10 = &lt;common.account.Account object at 0x11d6e1d30&gt;.wait</span><br/><span class="error">E        +          where &lt;common.account.Account object at 0x11d6e1d30&gt; = &lt;android_autotest.test_dir.test_001_login.test_001_login.TestLogin object at 0x11d6abe48&gt;.page_account</span><br/><br/>test_dir/test_001_login/test_001_login.py:42: AssertionError<br/>------------------------------ Captured log setup ------------------------------<br/>[35mDEBUG   [0m airtest.core.android.adb:adb.py:142 /Library/Frameworks/Python.framework/Versions/3.6/lib/python3.6/site-packages/airtest/core/android/static/adb/mac/adb -s 851QFDSE228FX wait-for-device
[35mDEBUG   [0m airtest.core.android.adb:adb.py:142 /Library/Frameworks/Python.framework/Versions/3.6/lib/python3.6/site-packages/airtest/core/android/static/adb/mac/adb -s 851QFDSE228FX shell getprop ro.build.version.sdk
[33mWARNING [0m airtest.core.api:api.py:35 Device:851QFDSE228FX updated &lt;airtest.core.android.android.Android object at 0x11d69f780&gt; -&gt; &lt;airtest.core.android.android.Android object at 0x11d684cf8&gt;
[35mDEBUG   [0m airtest.core.android.adb:adb.py:142 /Library/Frameworks/Python.framework/Versions/3.6/lib/python3.6/site-packages/airtest/core/android/static/adb/mac/adb -s 851QFDSE228FX shell dumpsys activity top
[35mDEBUG   [0m airtest.core.android.adb:adb.py:142 /Library/Frameworks/Python.framework/Versions/3.6/lib/python3.6/site-packages/airtest/core/android/static/adb/mac/adb -s 851QFDSE228FX shell dumpsys package com.netease.nie.yosemite
[32mINFO    [0m airtest.core.android.yosemite:yosemite.py:38 local version code is 287, installed version code is 287
[35mDEBUG   [0m airtest.core.android.adb:adb.py:142 /Library/Frameworks/Python.framework/Versions/3.6/lib/python3.6/site-packages/airtest/core/android/static/adb/mac/adb -s 851QFDSE228FX shell settings get secure default_input_method
[35mDEBUG   [0m airtest.core.android.adb:adb.py:142 /Library/Frameworks/Python.framework/Versions/3.6/lib/python3.6/site-packages/airtest/core/android/static/adb/mac/adb -s 851QFDSE228FX shell ime list -a
[35mDEBUG   [0m airtest.core.android.adb:adb.py:142 /Library/Frameworks/Python.framework/Versions/3.6/lib/python3.6/site-packages/airtest/core/android/static/adb/mac/adb -s 851QFDSE228FX shell dumpsys package com.netease.open.pocoservice
[35mDEBUG   [0m airtest.core.android.adb:adb.py:142 /Library/Frameworks/Python.framework/Versions/3.6/lib/python3.6/site-packages/airtest/core/android/static/adb/mac/adb -s 851QFDSE228FX shell dumpsys package com.netease.open.pocoservice.test
[35mDEBUG   [0m airtest.core.android.adb:adb.py:142 /Library/Frameworks/Python.framework/Versions/3.6/lib/python3.6/site-packages/airtest/core/android/static/adb/mac/adb -s 851QFDSE228FX forward --no-rebind tcp:15118 tcp:10080
[35mDEBUG   [0m airtest.core.android.adb:adb.py:142 /Library/Frameworks/Python.framework/Versions/3.6/lib/python3.6/site-packages/airtest/core/android/static/adb/mac/adb -s 851QFDSE228FX forward --no-rebind tcp:17500 tcp:10081
[35mDEBUG   [0m airtest.core.android.adb:adb.py:142 /Library/Frameworks/Python.framework/Versions/3.6/lib/python3.6/site-packages/airtest/core/android/static/adb/mac/adb -s 851QFDSE228FX shell ps
[35mDEBUG   [0m airtest.core.android.adb:adb.py:142 /Library/Frameworks/Python.framework/Versions/3.6/lib/python3.6/site-packages/airtest/core/android/static/adb/mac/adb -s 851QFDSE228FX shell input keyevent HOME
[35mDEBUG   [0m airtest.core.android.adb:adb.py:142 /Library/Frameworks/Python.framework/Versions/3.6/lib/python3.6/site-packages/airtest/core/android/static/adb/mac/adb -s 851QFDSE228FX shell dumpsys package com.netease.nie.yosemite
[32mINFO    [0m airtest.core.android.yosemite:yosemite.py:38 local version code is 287, installed version code is 287
[35mDEBUG   [0m airtest.core.android.adb:adb.py:142 /Library/Frameworks/Python.framework/Versions/3.6/lib/python3.6/site-packages/airtest/core/android/static/adb/mac/adb -s 851QFDSE228FX shell am start -a com.netease.nie.yosemite.ACTION_IDENTIFY
[35mDEBUG   [0m airtest.core.android.adb:adb.py:142 /Library/Frameworks/Python.framework/Versions/3.6/lib/python3.6/site-packages/airtest/core/android/static/adb/mac/adb -s 851QFDSE228FX shell input keyevent HOME
[35mDEBUG   [0m airtest.core.android.adb:adb.py:142 /Library/Frameworks/Python.framework/Versions/3.6/lib/python3.6/site-packages/airtest/core/android/static/adb/mac/adb -s 851QFDSE228FX shell monkey -p com.klook -c android.intent.category.LAUNCHER 1<br/></div></td></tr></tbody>
      <tbody class="failed results-table-row">
        <tr>
          <td class="col-result">Failed</td>
          <td class="col-name">test_dir/test_001_login/test_001_login.py::TestLogin::test_repeat_registered</td>
          <td class="col-duration">24.45</td>
          <td>
            <html>
              <head>
                <meta name="Content-Type" value="text/html; charset=latin1"/></head>
              <body>
                <p>        Áî®‰æãÂêçÁß∞ÔºöËæìÂÖ•Â∑≤Ê≥®ÂÜåÁöÑÈÇÆÁÆ±Ôºå‰∏çÂèØÊ≥®ÂÜåÊàêÂäü</p>
                <p>        </p></body></html></td></tr>
        <tr>
          <td class="extra" colspan="4">
            <div class="log">self = &lt;android_autotest.test_dir.test_001_login.test_001_login.TestLogin object at 0x11ea8f4a8&gt;<br/><br/>    def test_repeat_registered(self):<br/>        &quot;&quot;&quot;<br/>        Áî®‰æãÂêçÁß∞ÔºöËæìÂÖ•Â∑≤Ê≥®ÂÜåÁöÑÈÇÆÁÆ±Ôºå‰∏çÂèØÊ≥®ÂÜåÊàêÂäü<br/>        &quot;&quot;&quot;<br/>        self.page_menu.switch_to_account()<br/>        self.page_account.log_out()<br/>        self.page_account.signup_email_check(email=AccountTest.account)<br/>&gt;       assert self.page_account.snack_text.wait(self.page_account.wait).exists()<br/><span class="error">E       assert False</span><br/><span class="error">E        +  where False = &lt;bound method UIObjectProxy.exists of UIObjectProxy of &quot;com.klook:id/snackbar_text&quot;&gt;()</span><br/><span class="error">E        +    where &lt;bound method UIObjectProxy.exists of UIObjectProxy of &quot;com.klook:id/snackbar_text&quot;&gt; = UIObjectProxy of &quot;com.klook:id/snackbar_text&quot;.exists</span><br/><span class="error">E        +      where UIObjectProxy of &quot;com.klook:id/snackbar_text&quot; = &lt;bound method UIObjectProxy.wait of UIObjectProxy of &quot;com.klook:id/snackbar_text&quot;&gt;(10)</span><br/><span class="error">E        +        where &lt;bound method UIObjectProxy.wait of UIObjectProxy of &quot;com.klook:id/snackbar_text&quot;&gt; = UIObjectProxy of &quot;com.klook:id/snackbar_text&quot;.wait</span><br/><span class="error">E        +          where UIObjectProxy of &quot;com.klook:id/snackbar_text&quot; = &lt;common.account.Account object at 0x11ea9a748&gt;.snack_text</span><br/><span class="error">E        +            where &lt;common.account.Account object at 0x11ea9a748&gt; = &lt;android_autotest.test_dir.test_001_login.test_001_login.TestLogin object at 0x11ea8f4a8&gt;.page_account</span><br/><span class="error">E        +        and   10 = &lt;common.account.Account object at 0x11ea9a748&gt;.wait</span><br/><span class="error">E        +          where &lt;common.account.Account object at 0x11ea9a748&gt; = &lt;android_autotest.test_dir.test_001_login.test_001_login.TestLogin object at 0x11ea8f4a8&gt;.page_account</span><br/><br/>test_dir/test_001_login/test_001_login.py:60: AssertionError<br/>------------------------------ Captured log setup ------------------------------<br/>[35mDEBUG   [0m airtest.core.android.adb:adb.py:142 /Library/Frameworks/Python.framework/Versions/3.6/lib/python3.6/site-packages/airtest/core/android/static/adb/mac/adb -s 851QFDSE228FX wait-for-device
[35mDEBUG   [0m airtest.core.android.adb:adb.py:142 /Library/Frameworks/Python.framework/Versions/3.6/lib/python3.6/site-packages/airtest/core/android/static/adb/mac/adb -s 851QFDSE228FX shell getprop ro.build.version.sdk
[33mWARNING [0m airtest.core.api:api.py:35 Device:851QFDSE228FX updated &lt;airtest.core.android.android.Android object at 0x11d72fd30&gt; -&gt; &lt;airtest.core.android.android.Android object at 0x11ea8f080&gt;
[35mDEBUG   [0m airtest.core.android.adb:adb.py:142 /Library/Frameworks/Python.framework/Versions/3.6/lib/python3.6/site-packages/airtest/core/android/static/adb/mac/adb -s 851QFDSE228FX shell dumpsys activity top
[35mDEBUG   [0m airtest.core.android.adb:adb.py:142 /Library/Frameworks/Python.framework/Versions/3.6/lib/python3.6/site-packages/airtest/core/android/static/adb/mac/adb -s 851QFDSE228FX shell dumpsys package com.netease.nie.yosemite
[32mINFO    [0m airtest.core.android.yosemite:yosemite.py:38 local version code is 287, installed version code is 287
[35mDEBUG   [0m airtest.core.android.adb:adb.py:142 /Library/Frameworks/Python.framework/Versions/3.6/lib/python3.6/site-packages/airtest/core/android/static/adb/mac/adb -s 851QFDSE228FX shell settings get secure default_input_method
[35mDEBUG   [0m airtest.core.android.adb:adb.py:142 /Library/Frameworks/Python.framework/Versions/3.6/lib/python3.6/site-packages/airtest/core/android/static/adb/mac/adb -s 851QFDSE228FX shell ime list -a
[35mDEBUG   [0m airtest.core.android.adb:adb.py:142 /Library/Frameworks/Python.framework/Versions/3.6/lib/python3.6/site-packages/airtest/core/android/static/adb/mac/adb -s 851QFDSE228FX shell dumpsys package com.netease.open.pocoservice
[35mDEBUG   [0m airtest.core.android.adb:adb.py:142 /Library/Frameworks/Python.framework/Versions/3.6/lib/python3.6/site-packages/airtest/core/android/static/adb/mac/adb -s 851QFDSE228FX shell dumpsys package com.netease.open.pocoservice.test
[35mDEBUG   [0m airtest.core.android.adb:adb.py:142 /Library/Frameworks/Python.framework/Versions/3.6/lib/python3.6/site-packages/airtest/core/android/static/adb/mac/adb -s 851QFDSE228FX forward --no-rebind tcp:19688 tcp:10080
[35mDEBUG   [0m airtest.core.android.adb:adb.py:142 /Library/Frameworks/Python.framework/Versions/3.6/lib/python3.6/site-packages/airtest/core/android/static/adb/mac/adb -s 851QFDSE228FX forward --no-rebind tcp:13194 tcp:10081
[35mDEBUG   [0m airtest.core.android.adb:adb.py:142 /Library/Frameworks/Python.framework/Versions/3.6/lib/python3.6/site-packages/airtest/core/android/static/adb/mac/adb -s 851QFDSE228FX shell ps
[35mDEBUG   [0m airtest.core.android.adb:adb.py:142 /Library/Frameworks/Python.framework/Versions/3.6/lib/python3.6/site-packages/airtest/core/android/static/adb/mac/adb -s 851QFDSE228FX shell input keyevent HOME
[35mDEBUG   [0m airtest.core.android.adb:adb.py:142 /Library/Frameworks/Python.framework/Versions/3.6/lib/python3.6/site-packages/airtest/core/android/static/adb/mac/adb -s 851QFDSE228FX shell dumpsys package com.netease.nie.yosemite
[32mINFO    [0m airtest.core.android.yosemite:yosemite.py:38 local version code is 287, installed version code is 287
[35mDEBUG   [0m airtest.core.android.adb:adb.py:142 /Library/Frameworks/Python.framework/Versions/3.6/lib/python3.6/site-packages/airtest/core/android/static/adb/mac/adb -s 851QFDSE228FX shell am start -a com.netease.nie.yosemite.ACTION_IDENTIFY
[35mDEBUG   [0m airtest.core.android.adb:adb.py:142 /Library/Frameworks/Python.framework/Versions/3.6/lib/python3.6/site-packages/airtest/core/android/static/adb/mac/adb -s 851QFDSE228FX shell input keyevent HOME
[35mDEBUG   [0m airtest.core.android.adb:adb.py:142 /Library/Frameworks/Python.framework/Versions/3.6/lib/python3.6/site-packages/airtest/core/android/static/adb/mac/adb -s 851QFDSE228FX shell monkey -p com.klook -c android.intent.category.LAUNCHER 1<br/></div></td></tr></tbody>
      <tbody class="passed results-table-row">
        <tr>
          <td class="col-result">Passed</td>
          <td class="col-name">test_dir/test_001_login/test_001_login.py::TestLogin::test_normal_registered</td>
          <td class="col-duration">27.85</td>
          <td>
            <html>
              <head>
                <meta name="Content-Type" value="text/html; charset=latin1"/></head>
              <body>
                <p>        Áî®‰æãÂêçÁß∞ÔºöËæìÂÖ•Êú™Ê≥®ÂÜåÁöÑÈÇÆÁÆ±ÔºåÂèØÊ≥®ÂÜåÊàêÂäü</p>
                <p>        </p></body></html></td></tr>
        <tr>
          <td class="extra" colspan="4">
            <div class="log">------------------------------ Captured log setup ------------------------------<br/>[35mDEBUG   [0m airtest.core.android.adb:adb.py:142 /Library/Frameworks/Python.framework/Versions/3.6/lib/python3.6/site-packages/airtest/core/android/static/adb/mac/adb -s 851QFDSE228FX wait-for-device
[35mDEBUG   [0m airtest.core.android.adb:adb.py:142 /Library/Frameworks/Python.framework/Versions/3.6/lib/python3.6/site-packages/airtest/core/android/static/adb/mac/adb -s 851QFDSE228FX shell getprop ro.build.version.sdk
[35mDEBUG   [0m airtest.core.android.adb:adb.py:142 /Library/Frameworks/Python.framework/Versions/3.6/lib/python3.6/site-packages/airtest/core/android/static/adb/mac/adb -s 851QFDSE228FX shell dumpsys activity top
[35mDEBUG   [0m airtest.core.android.adb:adb.py:142 /Library/Frameworks/Python.framework/Versions/3.6/lib/python3.6/site-packages/airtest/core/android/static/adb/mac/adb -s 851QFDSE228FX shell dumpsys package com.netease.nie.yosemite
[32mINFO    [0m airtest.core.android.yosemite:yosemite.py:38 local version code is 287, installed version code is 287
[35mDEBUG   [0m airtest.core.android.adb:adb.py:142 /Library/Frameworks/Python.framework/Versions/3.6/lib/python3.6/site-packages/airtest/core/android/static/adb/mac/adb -s 851QFDSE228FX shell settings get secure default_input_method
[35mDEBUG   [0m airtest.core.android.adb:adb.py:142 /Library/Frameworks/Python.framework/Versions/3.6/lib/python3.6/site-packages/airtest/core/android/static/adb/mac/adb -s 851QFDSE228FX shell ime list -a
[35mDEBUG   [0m airtest.core.android.adb:adb.py:142 /Library/Frameworks/Python.framework/Versions/3.6/lib/python3.6/site-packages/airtest/core/android/static/adb/mac/adb -s 851QFDSE228FX shell ime enable com.netease.nie.yosemite/.ime.ImeService
[35mDEBUG   [0m airtest.core.android.adb:adb.py:142 /Library/Frameworks/Python.framework/Versions/3.6/lib/python3.6/site-packages/airtest/core/android/static/adb/mac/adb -s 851QFDSE228FX shell ime set com.netease.nie.yosemite/.ime.ImeService
[35mDEBUG   [0m airtest.core.android.adb:adb.py:142 /Library/Frameworks/Python.framework/Versions/3.6/lib/python3.6/site-packages/airtest/core/android/static/adb/mac/adb -s 851QFDSE228FX shell dumpsys package com.netease.open.pocoservice
[35mDEBUG   [0m airtest.core.android.adb:adb.py:142 /Library/Frameworks/Python.framework/Versions/3.6/lib/python3.6/site-packages/airtest/core/android/static/adb/mac/adb -s 851QFDSE228FX shell dumpsys package com.netease.open.pocoservice.test
[35mDEBUG   [0m airtest.core.android.adb:adb.py:142 /Library/Frameworks/Python.framework/Versions/3.6/lib/python3.6/site-packages/airtest/core/android/static/adb/mac/adb -s 851QFDSE228FX forward --no-rebind tcp:16718 tcp:10080
[35mDEBUG   [0m airtest.core.android.adb:adb.py:142 /Library/Frameworks/Python.framework/Versions/3.6/lib/python3.6/site-packages/airtest/core/android/static/adb/mac/adb -s 851QFDSE228FX forward --no-rebind tcp:17236 tcp:10081
[35mDEBUG   [0m airtest.core.android.adb:adb.py:142 /Library/Frameworks/Python.framework/Versions/3.6/lib/python3.6/site-packages/airtest/core/android/static/adb/mac/adb -s 851QFDSE228FX shell ps
[35mDEBUG   [0m airtest.core.android.adb:adb.py:142 /Library/Frameworks/Python.framework/Versions/3.6/lib/python3.6/site-packages/airtest/core/android/static/adb/mac/adb -s 851QFDSE228FX shell am force-stop com.netease.open.pocoservice
[35mDEBUG   [0m airtest.core.android.adb:adb.py:142 /Library/Frameworks/Python.framework/Versions/3.6/lib/python3.6/site-packages/airtest/core/android/static/adb/mac/adb -s 851QFDSE228FX shell am start -n com.netease.open.pocoservice/.TestActivity
[35mDEBUG   [0m airtest.core.android.adb:adb.py:142 /Library/Frameworks/Python.framework/Versions/3.6/lib/python3.6/site-packages/airtest/core/android/static/adb/mac/adb -s 851QFDSE228FX shell am instrument -w -e debug false -e class com.netease.open.pocoservice.InstrumentedTestAsLauncher com.netease.open.pocoservice.test/android.support.test.runner.AndroidJUnitRunner
[35mDEBUG   [0m airtest.core.android.adb:adb.py:142 /Library/Frameworks/Python.framework/Versions/3.6/lib/python3.6/site-packages/airtest/core/android/static/adb/mac/adb -s 851QFDSE228FX shell input keyevent HOME
[35mDEBUG   [0m airtest.core.android.adb:adb.py:142 /Library/Frameworks/Python.framework/Versions/3.6/lib/python3.6/site-packages/airtest/core/android/static/adb/mac/adb -s 851QFDSE228FX shell dumpsys package com.netease.nie.yosemite
[32mINFO    [0m airtest.core.android.yosemite:yosemite.py:38 local version code is 287, installed version code is 287
[35mDEBUG   [0m airtest.core.android.adb:adb.py:142 /Library/Frameworks/Python.framework/Versions/3.6/lib/python3.6/site-packages/airtest/core/android/static/adb/mac/adb -s 851QFDSE228FX shell am start -a com.netease.nie.yosemite.ACTION_IDENTIFY
[35mDEBUG   [0m airtest.core.android.adb:adb.py:142 /Library/Frameworks/Python.framework/Versions/3.6/lib/python3.6/site-packages/airtest/core/android/static/adb/mac/adb -s 851QFDSE228FX shell input keyevent HOME
[35mDEBUG   [0m airtest.core.android.adb:adb.py:142 /Library/Frameworks/Python.framework/Versions/3.6/lib/python3.6/site-packages/airtest/core/android/static/adb/mac/adb -s 851QFDSE228FX shell monkey -p com.klook -c android.intent.category.LAUNCHER 1<br/>------------------------------ Captured log call -------------------------------<br/>[35mDEBUG   [0m airtest.core.android.adb:adb.py:142 /Library/Frameworks/Python.framework/Versions/3.6/lib/python3.6/site-packages/airtest/core/android/static/adb/mac/adb -s 851QFDSE228FX shell pm path jp.co.cyberagent.stf.rotationwatcher
[35mDEBUG   [0m airtest.core.android.adb:adb.py:142 /Library/Frameworks/Python.framework/Versions/3.6/lib/python3.6/site-packages/airtest/core/android/static/adb/mac/adb -s 851QFDSE228FX shell export CLASSPATH=/data/app/jp.co.cyberagent.stf.rotationwatcher-1/base.apk;exec app_process /system/bin jp.co.cyberagent.stf.rotationwatcher.RotationWatcher
[35mDEBUG   [0m airtest.core.android.adb:adb.py:142 /Library/Frameworks/Python.framework/Versions/3.6/lib/python3.6/site-packages/airtest/core/android/static/adb/mac/adb -s 851QFDSE228FX shell ls /data/local/tmp/minicap
[35mDEBUG   [0m airtest.core.android.adb:adb.py:142 /Library/Frameworks/Python.framework/Versions/3.6/lib/python3.6/site-packages/airtest/core/android/static/adb/mac/adb -s 851QFDSE228FX shell ls /data/local/tmp/minicap.so
[35mDEBUG   [0m airtest.core.android.adb:adb.py:142 /Library/Frameworks/Python.framework/Versions/3.6/lib/python3.6/site-packages/airtest/core/android/static/adb/mac/adb -s 851QFDSE228FX shell LD_LIBRARY_PATH=/data/local/tmp /data/local/tmp/minicap -v 2&gt;&amp;1
[35mDEBUG   [0m airtest.core.android.minicap:minicap.py:59 version:5
[35mDEBUG   [0m airtest.core.android.minicap:minicap.py:66 skip install minicap
[35mDEBUG   [0m airtest.core.android.adb:adb.py:142 /Library/Frameworks/Python.framework/Versions/3.6/lib/python3.6/site-packages/airtest/core/android/static/adb/mac/adb -s 851QFDSE228FX forward --no-rebind tcp:15234 localabstract:minicap_15234
[35mDEBUG   [0m airtest.core.android.adb:adb.py:142 /Library/Frameworks/Python.framework/Versions/3.6/lib/python3.6/site-packages/airtest/core/android/static/adb/mac/adb -s 851QFDSE228FX shell LD_LIBRARY_PATH=/data/local/tmp /data/local/tmp/minicap -i
[35mDEBUG   [0m airtest.core.android.adb:adb.py:142 /Library/Frameworks/Python.framework/Versions/3.6/lib/python3.6/site-packages/airtest/core/android/static/adb/mac/adb -s 851QFDSE228FX shell LD_LIBRARY_PATH=/data/local/tmp /data/local/tmp/minicap -n &#x27;minicap_15234&#x27; -P 1080x2160@1080x2160/0 -l 2&gt;&amp;1
[35mDEBUG   [0m airtest.utils.nbsp:nbsp.py:37 [minicap_server]b&#x27;PID: 30831&#x27;
[35mDEBUG   [0m airtest.utils.nbsp:nbsp.py:37 [minicap_server]b&#x27;INFO: Using projection 1080x2160@1080x2160/0&#x27;
[35mDEBUG   [0m airtest.utils.nbsp:nbsp.py:37 [minicap_server]b&#x27;INFO: (external/MY_minicap/src/minicap_25.cpp:241) Creating SurfaceComposerClient&#x27;
[35mDEBUG   [0m airtest.utils.nbsp:nbsp.py:37 [minicap_server]b&#x27;INFO: (external/MY_minicap/src/minicap_25.cpp:244) Performing SurfaceComposerClient init check&#x27;
[35mDEBUG   [0m airtest.utils.nbsp:nbsp.py:37 [minicap_server]b&#x27;INFO: (external/MY_minicap/src/minicap_25.cpp:251) Creating virtual display&#x27;
[35mDEBUG   [0m airtest.utils.nbsp:nbsp.py:37 [minicap_server]b&#x27;INFO: (external/MY_minicap/src/minicap_25.cpp:257) Creating buffer queue&#x27;
[35mDEBUG   [0m airtest.utils.nbsp:nbsp.py:37 [minicap_server]b&#x27;INFO: (external/MY_minicap/src/minicap_25.cpp:262) Creating CPU consumer&#x27;
[35mDEBUG   [0m airtest.utils.nbsp:nbsp.py:37 [minicap_server]b&#x27;INFO: (external/MY_minicap/src/minicap_25.cpp:266) Creating frame waiter&#x27;
[35mDEBUG   [0m airtest.utils.nbsp:nbsp.py:37 [minicap_server]b&#x27;INFO: (external/MY_minicap/src/minicap_25.cpp:270) Publishing virtual display&#x27;
[35mDEBUG   [0m airtest.utils.nbsp:nbsp.py:37 [minicap_server]b&#x27;INFO: (external/MY_minicap/src/minicap_25.cpp:287) Found 7.1 Developer Preview SurfaceComposerClient::setDisplaySurface&#x27;
[35mDEBUG   [0m airtest.utils.nbsp:nbsp.py:37 [minicap_server]b&#x27;INFO: (jni/minicap/JpgEncoder.cpp:64) Allocating 7052292 bytes for JPG encoder&#x27;
[35mDEBUG   [0m airtest.utils.nbsp:nbsp.py:37 [minicap_server]b&#x27;INFO: (/home/lxn3032/minicap_for_ide/jni/minicap/minicap.cpp:473) Server start&#x27;
[35mDEBUG   [0m airtest.core.android.minicap:minicap.py:226 (1, 24, 30831, 1080, 2160, 1080, 2160, 0, 2)
[35mDEBUG   [0m airtest.utils.nbsp:nbsp.py:37 [minicap_server]b&#x27;INFO: (/home/lxn3032/minicap_for_ide/jni/minicap/minicap.cpp:475) New client connection&#x27;
[35mDEBUG   [0m airtest.core.android.adb:adb.py:142 /Library/Frameworks/Python.framework/Versions/3.6/lib/python3.6/site-packages/airtest/core/android/static/adb/mac/adb -s 851QFDSE228FX shell LD_LIBRARY_PATH=/data/local/tmp /data/local/tmp/minicap -i<br/></div></td></tr></tbody>
      <tbody class="passed results-table-row">
        <tr>
          <td class="col-result">Passed</td>
          <td class="col-name">test_dir/test_001_login/test_001_login.py::TestLogin::test_incorrect_mailbox</td>
          <td class="col-duration">20.89</td>
          <td>
            <html>
              <head>
                <meta name="Content-Type" value="text/html; charset=latin1"/></head>
              <body>
                <p>        Áî®‰æãÂêçÁß∞ÔºöËæìÂÖ•‰∏çÊ≠£Á°ÆÁöÑÈÇÆÁÆ±Ê†ºÂºèÂ¶Ç123@qqcomÔºåÊèêÁ§∫ËØ∑ËæìÂÖ•ÊúâÊïàÈÇÆÁÆ±Âú∞ÂùÄ</p>
                <p>        </p></body></html></td></tr>
        <tr>
          <td class="extra" colspan="4">
            <div class="log">------------------------------ Captured log setup ------------------------------<br/>[35mDEBUG   [0m airtest.core.android.adb:adb.py:142 /Library/Frameworks/Python.framework/Versions/3.6/lib/python3.6/site-packages/airtest/core/android/static/adb/mac/adb -s 851QFDSE228FX wait-for-device
[35mDEBUG   [0m airtest.core.android.adb:adb.py:142 /Library/Frameworks/Python.framework/Versions/3.6/lib/python3.6/site-packages/airtest/core/android/static/adb/mac/adb -s 851QFDSE228FX shell getprop ro.build.version.sdk
[33mWARNING [0m airtest.core.api:api.py:35 Device:851QFDSE228FX updated &lt;airtest.core.android.android.Android object at 0x11d684cf8&gt; -&gt; &lt;airtest.core.android.android.Android object at 0x11d72fd30&gt;
[35mDEBUG   [0m airtest.core.android.adb:adb.py:142 /Library/Frameworks/Python.framework/Versions/3.6/lib/python3.6/site-packages/airtest/core/android/static/adb/mac/adb -s 851QFDSE228FX shell dumpsys activity top
[35mDEBUG   [0m airtest.core.android.adb:adb.py:142 /Library/Frameworks/Python.framework/Versions/3.6/lib/python3.6/site-packages/airtest/core/android/static/adb/mac/adb -s 851QFDSE228FX shell dumpsys package com.netease.nie.yosemite
[32mINFO    [0m airtest.core.android.yosemite:yosemite.py:38 local version code is 287, installed version code is 287
[35mDEBUG   [0m airtest.core.android.adb:adb.py:142 /Library/Frameworks/Python.framework/Versions/3.6/lib/python3.6/site-packages/airtest/core/android/static/adb/mac/adb -s 851QFDSE228FX shell settings get secure default_input_method
[35mDEBUG   [0m airtest.core.android.adb:adb.py:142 /Library/Frameworks/Python.framework/Versions/3.6/lib/python3.6/site-packages/airtest/core/android/static/adb/mac/adb -s 851QFDSE228FX shell ime list -a
[35mDEBUG   [0m airtest.core.android.adb:adb.py:142 /Library/Frameworks/Python.framework/Versions/3.6/lib/python3.6/site-packages/airtest/core/android/static/adb/mac/adb -s 851QFDSE228FX shell dumpsys package com.netease.open.pocoservice
[35mDEBUG   [0m airtest.core.android.adb:adb.py:142 /Library/Frameworks/Python.framework/Versions/3.6/lib/python3.6/site-packages/airtest/core/android/static/adb/mac/adb -s 851QFDSE228FX shell dumpsys package com.netease.open.pocoservice.test
[35mDEBUG   [0m airtest.core.android.adb:adb.py:142 /Library/Frameworks/Python.framework/Versions/3.6/lib/python3.6/site-packages/airtest/core/android/static/adb/mac/adb -s 851QFDSE228FX forward --no-rebind tcp:15747 tcp:10080
[35mDEBUG   [0m airtest.core.android.adb:adb.py:142 /Library/Frameworks/Python.framework/Versions/3.6/lib/python3.6/site-packages/airtest/core/android/static/adb/mac/adb -s 851QFDSE228FX forward --no-rebind tcp:11516 tcp:10081
[35mDEBUG   [0m airtest.core.android.adb:adb.py:142 /Library/Frameworks/Python.framework/Versions/3.6/lib/python3.6/site-packages/airtest/core/android/static/adb/mac/adb -s 851QFDSE228FX shell ps
[35mDEBUG   [0m airtest.core.android.adb:adb.py:142 /Library/Frameworks/Python.framework/Versions/3.6/lib/python3.6/site-packages/airtest/core/android/static/adb/mac/adb -s 851QFDSE228FX shell input keyevent HOME
[35mDEBUG   [0m airtest.core.android.adb:adb.py:142 /Library/Frameworks/Python.framework/Versions/3.6/lib/python3.6/site-packages/airtest/core/android/static/adb/mac/adb -s 851QFDSE228FX shell dumpsys package com.netease.nie.yosemite
[32mINFO    [0m airtest.core.android.yosemite:yosemite.py:38 local version code is 287, installed version code is 287
[35mDEBUG   [0m airtest.core.android.adb:adb.py:142 /Library/Frameworks/Python.framework/Versions/3.6/lib/python3.6/site-packages/airtest/core/android/static/adb/mac/adb -s 851QFDSE228FX shell am start -a com.netease.nie.yosemite.ACTION_IDENTIFY
[35mDEBUG   [0m airtest.core.android.adb:adb.py:142 /Library/Frameworks/Python.framework/Versions/3.6/lib/python3.6/site-packages/airtest/core/android/static/adb/mac/adb -s 851QFDSE228FX shell input keyevent HOME
[35mDEBUG   [0m airtest.core.android.adb:adb.py:142 /Library/Frameworks/Python.framework/Versions/3.6/lib/python3.6/site-packages/airtest/core/android/static/adb/mac/adb -s 851QFDSE228FX shell monkey -p com.klook -c android.intent.category.LAUNCHER 1<br/></div></td></tr></tbody>
      <tbody class="passed results-table-row">
        <tr>
          <td class="col-result">Passed</td>
          <td class="col-name">test_dir/test_001_login/test_001_login.py::TestLogin::test_correct_login</td>
          <td class="col-duration">14.70</td>
          <td>
            <html>
              <head>
                <meta name="Content-Type" value="text/html; charset=latin1"/></head>
              <body>
                <p>        Áî®‰æãÂêçÁß∞ÔºöËæìÂÖ•Ê≠£Á°ÆÁöÑÁî®Êà∑ÂêçÂíåÂØÜÁ†ÅÔºåÂèØ‰ª•ÁôªÈôÜÊàêÂäü</p>
                <p>        </p></body></html></td></tr>
        <tr>
          <td class="extra" colspan="4">
            <div class="log">------------------------------ Captured log setup ------------------------------<br/>[35mDEBUG   [0m airtest.core.android.adb:adb.py:142 /Library/Frameworks/Python.framework/Versions/3.6/lib/python3.6/site-packages/airtest/core/android/static/adb/mac/adb -s 851QFDSE228FX wait-for-device
[35mDEBUG   [0m airtest.core.android.adb:adb.py:142 /Library/Frameworks/Python.framework/Versions/3.6/lib/python3.6/site-packages/airtest/core/android/static/adb/mac/adb -s 851QFDSE228FX shell getprop ro.build.version.sdk
[33mWARNING [0m airtest.core.api:api.py:35 Device:851QFDSE228FX updated &lt;airtest.core.android.android.Android object at 0x11ea8f080&gt; -&gt; &lt;airtest.core.android.android.Android object at 0x11ea9abe0&gt;
[35mDEBUG   [0m airtest.core.android.adb:adb.py:142 /Library/Frameworks/Python.framework/Versions/3.6/lib/python3.6/site-packages/airtest/core/android/static/adb/mac/adb -s 851QFDSE228FX shell dumpsys activity top
[35mDEBUG   [0m airtest.core.android.adb:adb.py:142 /Library/Frameworks/Python.framework/Versions/3.6/lib/python3.6/site-packages/airtest/core/android/static/adb/mac/adb -s 851QFDSE228FX shell dumpsys package com.netease.nie.yosemite
[32mINFO    [0m airtest.core.android.yosemite:yosemite.py:38 local version code is 287, installed version code is 287
[35mDEBUG   [0m airtest.core.android.adb:adb.py:142 /Library/Frameworks/Python.framework/Versions/3.6/lib/python3.6/site-packages/airtest/core/android/static/adb/mac/adb -s 851QFDSE228FX shell settings get secure default_input_method
[35mDEBUG   [0m airtest.core.android.adb:adb.py:142 /Library/Frameworks/Python.framework/Versions/3.6/lib/python3.6/site-packages/airtest/core/android/static/adb/mac/adb -s 851QFDSE228FX shell ime list -a
[35mDEBUG   [0m airtest.core.android.adb:adb.py:142 /Library/Frameworks/Python.framework/Versions/3.6/lib/python3.6/site-packages/airtest/core/android/static/adb/mac/adb -s 851QFDSE228FX shell dumpsys package com.netease.open.pocoservice
[35mDEBUG   [0m airtest.core.android.adb:adb.py:142 /Library/Frameworks/Python.framework/Versions/3.6/lib/python3.6/site-packages/airtest/core/android/static/adb/mac/adb -s 851QFDSE228FX shell dumpsys package com.netease.open.pocoservice.test
[35mDEBUG   [0m airtest.core.android.adb:adb.py:142 /Library/Frameworks/Python.framework/Versions/3.6/lib/python3.6/site-packages/airtest/core/android/static/adb/mac/adb -s 851QFDSE228FX forward --no-rebind tcp:15967 tcp:10080
[35mDEBUG   [0m airtest.core.android.adb:adb.py:142 /Library/Frameworks/Python.framework/Versions/3.6/lib/python3.6/site-packages/airtest/core/android/static/adb/mac/adb -s 851QFDSE228FX forward --no-rebind tcp:16045 tcp:10081
[35mDEBUG   [0m airtest.core.android.adb:adb.py:142 /Library/Frameworks/Python.framework/Versions/3.6/lib/python3.6/site-packages/airtest/core/android/static/adb/mac/adb -s 851QFDSE228FX shell ps
[35mDEBUG   [0m airtest.core.android.adb:adb.py:142 /Library/Frameworks/Python.framework/Versions/3.6/lib/python3.6/site-packages/airtest/core/android/static/adb/mac/adb -s 851QFDSE228FX shell input keyevent HOME
[35mDEBUG   [0m airtest.core.android.adb:adb.py:142 /Library/Frameworks/Python.framework/Versions/3.6/lib/python3.6/site-packages/airtest/core/android/static/adb/mac/adb -s 851QFDSE228FX shell dumpsys package com.netease.nie.yosemite
[32mINFO    [0m airtest.core.android.yosemite:yosemite.py:38 local version code is 287, installed version code is 287
[35mDEBUG   [0m airtest.core.android.adb:adb.py:142 /Library/Frameworks/Python.framework/Versions/3.6/lib/python3.6/site-packages/airtest/core/android/static/adb/mac/adb -s 851QFDSE228FX shell am start -a com.netease.nie.yosemite.ACTION_IDENTIFY
[35mDEBUG   [0m airtest.core.android.adb:adb.py:142 /Library/Frameworks/Python.framework/Versions/3.6/lib/python3.6/site-packages/airtest/core/android/static/adb/mac/adb -s 851QFDSE228FX shell input keyevent HOME
[35mDEBUG   [0m airtest.core.android.adb:adb.py:142 /Library/Frameworks/Python.framework/Versions/3.6/lib/python3.6/site-packages/airtest/core/android/static/adb/mac/adb -s 851QFDSE228FX shell monkey -p com.klook -c android.intent.category.LAUNCHER 1<br/></div></td></tr></tbody>
      <tbody class="passed results-table-row">
        <tr>
          <td class="col-result">Passed</td>
          <td class="col-name">test_dir/test_001_login/test_001_login.py::TestLogin::test_incorrect_login</td>
          <td class="col-duration">21.32</td>
          <td>
            <html>
              <head>
                <meta name="Content-Type" value="text/html; charset=latin1"/></head>
              <body>
                <p>        Áî®‰æãÂêçÁß∞ÔºöËæìÂÖ•ÈîôËØØÁöÑË¥¶Âè∑ÊàñÂØÜÁ†ÅÔºåÊèêÁ§∫ÔºöË¥¶Âè∑ÊàñÂØÜÁ†ÅÈîôËØØ</p>
                <p>        </p></body></html></td></tr>
        <tr>
          <td class="extra" colspan="4">
            <div class="log">------------------------------ Captured log setup ------------------------------<br/>[35mDEBUG   [0m airtest.core.android.adb:adb.py:142 /Library/Frameworks/Python.framework/Versions/3.6/lib/python3.6/site-packages/airtest/core/android/static/adb/mac/adb -s 851QFDSE228FX wait-for-device
[35mDEBUG   [0m airtest.core.android.adb:adb.py:142 /Library/Frameworks/Python.framework/Versions/3.6/lib/python3.6/site-packages/airtest/core/android/static/adb/mac/adb -s 851QFDSE228FX shell getprop ro.build.version.sdk
[33mWARNING [0m airtest.core.api:api.py:35 Device:851QFDSE228FX updated &lt;airtest.core.android.android.Android object at 0x11ea9abe0&gt; -&gt; &lt;airtest.core.android.android.Android object at 0x11ea9a198&gt;
[35mDEBUG   [0m airtest.core.android.adb:adb.py:142 /Library/Frameworks/Python.framework/Versions/3.6/lib/python3.6/site-packages/airtest/core/android/static/adb/mac/adb -s 851QFDSE228FX shell dumpsys activity top
[35mDEBUG   [0m airtest.core.android.adb:adb.py:142 /Library/Frameworks/Python.framework/Versions/3.6/lib/python3.6/site-packages/airtest/core/android/static/adb/mac/adb -s 851QFDSE228FX shell dumpsys package com.netease.nie.yosemite
[32mINFO    [0m airtest.core.android.yosemite:yosemite.py:38 local version code is 287, installed version code is 287
[35mDEBUG   [0m airtest.core.android.adb:adb.py:142 /Library/Frameworks/Python.framework/Versions/3.6/lib/python3.6/site-packages/airtest/core/android/static/adb/mac/adb -s 851QFDSE228FX shell settings get secure default_input_method
[35mDEBUG   [0m airtest.core.android.adb:adb.py:142 /Library/Frameworks/Python.framework/Versions/3.6/lib/python3.6/site-packages/airtest/core/android/static/adb/mac/adb -s 851QFDSE228FX shell ime list -a
[35mDEBUG   [0m airtest.core.android.adb:adb.py:142 /Library/Frameworks/Python.framework/Versions/3.6/lib/python3.6/site-packages/airtest/core/android/static/adb/mac/adb -s 851QFDSE228FX shell dumpsys package com.netease.open.pocoservice
[35mDEBUG   [0m airtest.core.android.adb:adb.py:142 /Library/Frameworks/Python.framework/Versions/3.6/lib/python3.6/site-packages/airtest/core/android/static/adb/mac/adb -s 851QFDSE228FX shell dumpsys package com.netease.open.pocoservice.test
[35mDEBUG   [0m airtest.core.android.adb:adb.py:142 /Library/Frameworks/Python.framework/Versions/3.6/lib/python3.6/site-packages/airtest/core/android/static/adb/mac/adb -s 851QFDSE228FX forward --no-rebind tcp:14302 tcp:10080
[35mDEBUG   [0m airtest.core.android.adb:adb.py:142 /Library/Frameworks/Python.framework/Versions/3.6/lib/python3.6/site-packages/airtest/core/android/static/adb/mac/adb -s 851QFDSE228FX forward --no-rebind tcp:14652 tcp:10081
[35mDEBUG   [0m airtest.core.android.adb:adb.py:142 /Library/Frameworks/Python.framework/Versions/3.6/lib/python3.6/site-packages/airtest/core/android/static/adb/mac/adb -s 851QFDSE228FX shell ps
[35mDEBUG   [0m airtest.core.android.adb:adb.py:142 /Library/Frameworks/Python.framework/Versions/3.6/lib/python3.6/site-packages/airtest/core/android/static/adb/mac/adb -s 851QFDSE228FX shell input keyevent HOME
[35mDEBUG   [0m airtest.core.android.adb:adb.py:142 /Library/Frameworks/Python.framework/Versions/3.6/lib/python3.6/site-packages/airtest/core/android/static/adb/mac/adb -s 851QFDSE228FX shell dumpsys package com.netease.nie.yosemite
[32mINFO    [0m airtest.core.android.yosemite:yosemite.py:38 local version code is 287, installed version code is 287
[35mDEBUG   [0m airtest.core.android.adb:adb.py:142 /Library/Frameworks/Python.framework/Versions/3.6/lib/python3.6/site-packages/airtest/core/android/static/adb/mac/adb -s 851QFDSE228FX shell am start -a com.netease.nie.yosemite.ACTION_IDENTIFY
[35mDEBUG   [0m airtest.core.android.adb:adb.py:142 /Library/Frameworks/Python.framework/Versions/3.6/lib/python3.6/site-packages/airtest/core/android/static/adb/mac/adb -s 851QFDSE228FX shell input keyevent HOME
[35mDEBUG   [0m airtest.core.android.adb:adb.py:142 /Library/Frameworks/Python.framework/Versions/3.6/lib/python3.6/site-packages/airtest/core/android/static/adb/mac/adb -s 851QFDSE228FX shell monkey -p com.klook -c android.intent.category.LAUNCHER 1<br/></div></td></tr></tbody></table></body></html>