<?xml version="1.0" encoding="UTF-8"?>
<testsuites>
	<testsuite errors="0" failures="0" name="TestSequenceFunctions-20181204231309" skipped="1" tests="4" time="0.001" timestamp="2018-12-04T23:13:09">
		<testcase classname="TestSequenceFunctions" name="test_choice" time="0.000" timestamp="2018-12-04T23:13:09"/>
		<testcase classname="TestSequenceFunctions" name="test_sample" time="0.000" timestamp="2018-12-04T23:13:09"/>
		<testcase classname="TestSequenceFunctions" name="test_shuffle" time="0.001" timestamp="2018-12-04T23:13:09"/>
		<testcase classname="TestSequenceFunctions" name="test_skipped" time="0.000" timestamp="2018-12-04T23:13:09">
			<skipped message="demonstrating skipping" type="skip"/>
		</testcase>
		<system-out>
<![CDATA[]]>		</system-out>
		<system-err>
<![CDATA[]]>		</system-err>
	</testsuite>
</testsuites>
